2023-09-05T20:16:55.658153Z TRACE ThreadId(01) version: 1.8.0
2023-09-05T20:16:55.658198Z TRACE ThreadId(01) platform: windows
2023-09-05T20:16:55.658511Z TRACE ThreadId(01) checking for version macro in "addons/main/script_version.hpp"
2023-09-05T20:16:55.660388Z  INFO ThreadId(01) Config loaded for HEMTT 1.5.0.0-151cf3d9
2023-09-05T20:16:55.660409Z TRACE ThreadId(01) using temporary folder: "C:\\Users\\brett\\AppData\\Local\\Temp\\hemtt\\GitHub_SynixeContractors_units"
2023-09-05T20:16:55.660417Z TRACE ThreadId(01) using project folder: "W:\\GitHub\\SynixeContractors\\units"
2023-09-05T20:16:55.660422Z TRACE ThreadId(01) using out folder: "W:\\GitHub\\SynixeContractors\\units\\.hemttout"
2023-09-05T20:16:55.660460Z TRACE ThreadId(01) using build folder: "W:\\GitHub\\SynixeContractors\\units\\.hemttout\\release"
2023-09-05T20:16:55.660638Z TRACE ThreadId(01) vfs overlay at root: "C:\\Users\\brett\\AppData\\Local\\Temp\\hemtt\\GitHub_SynixeContractors_units\\output"
2023-09-05T20:16:55.660645Z TRACE ThreadId(01) vfs root: "W:\\GitHub\\SynixeContractors\\units"
2023-09-05T20:16:55.660944Z  INFO ThreadId(01) Creating `build` version
2023-09-05T20:16:55.660951Z TRACE ThreadId(01) phase: init (start)
2023-09-05T20:16:55.663129Z TRACE ThreadId(01) phase: init (Sign) (start)
2023-09-05T20:16:55.663135Z TRACE ThreadId(01) phase: init (Sign) (done)
2023-09-05T20:16:55.663137Z TRACE ThreadId(01) phase: init (sqf) (start)
2023-09-05T20:16:55.663139Z TRACE ThreadId(01) phase: init (sqf) (done)
2023-09-05T20:16:55.663141Z TRACE ThreadId(01) phase: init (Rapifier) (start)
2023-09-05T20:16:55.663143Z TRACE ThreadId(01) phase: init (Rapifier) (done)
2023-09-05T20:16:55.663146Z TRACE ThreadId(01) phase: init (Binarize) (start)
2023-09-05T20:16:55.663182Z TRACE ThreadId(01) phase: init (Binarize) (done)
2023-09-05T20:16:55.663185Z TRACE ThreadId(01) phase: init (Hooks) (start)
2023-09-05T20:16:55.663193Z TRACE ThreadId(01) no hooks folder
2023-09-05T20:16:55.663195Z TRACE ThreadId(01) phase: init (Hooks) (done)
2023-09-05T20:16:55.663198Z TRACE ThreadId(01) phase: init (ArmaScriptCompiler) (start)
2023-09-05T20:16:55.663201Z TRACE ThreadId(01) using asc folder at "C:\\Users\\brett\\AppData\\Local\\Temp\\hemtt\\GitHub_SynixeContractors_units\\asc"
2023-09-05T20:16:55.663311Z TRACE ThreadId(01) phase: init (ArmaScriptCompiler) (done)
2023-09-05T20:16:55.663315Z TRACE ThreadId(01) phase: init (Files) (start)
2023-09-05T20:16:55.663317Z TRACE ThreadId(01) phase: init (Files) (done)
2023-09-05T20:16:55.663319Z TRACE ThreadId(01) phase: init (done)
2023-09-05T20:16:55.663321Z TRACE ThreadId(01) phase: check (start)
2023-09-05T20:16:55.663323Z TRACE ThreadId(01) phase: check (Sign) (start)
2023-09-05T20:16:55.663645Z TRACE ThreadId(01) phase: check (Sign) (done)
2023-09-05T20:16:55.663648Z TRACE ThreadId(01) phase: check (sqf) (start)
2023-09-05T20:16:55.663652Z TRACE ThreadId(01) phase: check (sqf) (done)
2023-09-05T20:16:55.663653Z TRACE ThreadId(01) phase: check (Rapifier) (start)
2023-09-05T20:16:55.663655Z TRACE ThreadId(01) phase: check (Rapifier) (done)
2023-09-05T20:16:55.663656Z TRACE ThreadId(01) phase: check (Binarize) (start)
2023-09-05T20:16:55.663658Z TRACE ThreadId(01) phase: check (Binarize) (done)
2023-09-05T20:16:55.663660Z TRACE ThreadId(01) phase: check (Hooks) (start)
2023-09-05T20:16:55.663661Z TRACE ThreadId(01) phase: check (Hooks) (done)
2023-09-05T20:16:55.663663Z TRACE ThreadId(01) phase: check (ArmaScriptCompiler) (start)
2023-09-05T20:16:55.663664Z TRACE ThreadId(01) phase: check (ArmaScriptCompiler) (done)
2023-09-05T20:16:55.663666Z TRACE ThreadId(01) phase: check (Files) (start)
2023-09-05T20:16:55.663667Z TRACE ThreadId(01) phase: check (Files) (done)
2023-09-05T20:16:55.663669Z TRACE ThreadId(01) phase: check (done)
2023-09-05T20:16:55.663671Z TRACE ThreadId(01) phase: pre_build (start)
2023-09-05T20:16:55.663672Z TRACE ThreadId(01) phase: pre_build (Sign) (start)
2023-09-05T20:16:55.663674Z TRACE ThreadId(01) phase: pre_build (Sign) (done)
2023-09-05T20:16:55.663676Z TRACE ThreadId(01) phase: pre_build (sqf) (start)
2023-09-05T20:16:55.663695Z TRACE ThreadId(01) phase: pre_build (sqf) (done)
2023-09-05T20:16:55.663697Z TRACE ThreadId(01) phase: pre_build (Rapifier) (start)
2023-09-05T20:16:55.664414Z DEBUG ThreadId(07) rapifying /addons/units/config.cpp
2023-09-05T20:16:55.664549Z DEBUG ThreadId(28) rapifying /addons/arcadian/config.cpp
2023-09-05T20:16:55.664630Z DEBUG ThreadId(02) rapifying /addons/headgear/config.cpp
2023-09-05T20:16:55.664717Z DEBUG ThreadId(03) rapifying /addons/main/config.cpp
2023-09-05T20:16:55.679989Z DEBUG ThreadId(07) rapifying /addons/units/data/uniform_combat_plaid.rvmat
2023-09-05T20:16:55.683256Z  INFO ThreadId(01) Rapified 5 addon configs
2023-09-05T20:16:55.683269Z TRACE ThreadId(01) phase: pre_build (Rapifier) (done)
2023-09-05T20:16:55.683272Z TRACE ThreadId(01) phase: pre_build (Binarize) (start)
2023-09-05T20:16:55.686186Z  INFO ThreadId(01) Binarized 0 files
2023-09-05T20:16:55.686195Z TRACE ThreadId(01) phase: pre_build (Binarize) (done)
2023-09-05T20:16:55.686198Z TRACE ThreadId(01) phase: pre_build (Hooks) (start)
2023-09-05T20:16:55.686202Z TRACE ThreadId(01) phase: pre_build (Hooks) (done)
2023-09-05T20:16:55.686204Z TRACE ThreadId(01) phase: pre_build (ArmaScriptCompiler) (start)
2023-09-05T20:16:55.686286Z TRACE ThreadId(01) unpacking "asc.exe" to "C:\\Users\\brett\\AppData\\Local\\Temp\\hemtt\\GitHub_SynixeContractors_units\\asc\\asc.exe"
2023-09-05T20:16:55.693366Z DEBUG ThreadId(01) ASC Preprocess took 4
2023-09-05T20:16:55.854020Z DEBUG ThreadId(01) ASC took 160
2023-09-05T20:16:55.854192Z  INFO ThreadId(01) Compiled 0 sqf files
2023-09-05T20:16:55.854232Z TRACE ThreadId(01) phase: pre_build (ArmaScriptCompiler) (done)
2023-09-05T20:16:55.854235Z TRACE ThreadId(01) phase: pre_build (Files) (start)
2023-09-05T20:16:55.854237Z TRACE ThreadId(01) phase: pre_build (Files) (done)
2023-09-05T20:16:55.854239Z TRACE ThreadId(01) phase: pre_build (done)
2023-09-05T20:16:55.854241Z TRACE ThreadId(01) phase: build (start)
2023-09-05T20:16:55.854994Z DEBUG ThreadId(03) building "addons/main" => "W:\\GitHub\\SynixeContractors\\units\\.hemttout\\release\\addons\\synixe_contractors_main.pbo"
2023-09-05T20:16:55.855015Z DEBUG ThreadId(02) building "addons/arcadian" => "W:\\GitHub\\SynixeContractors\\units\\.hemttout\\release\\addons\\synixe_contractors_arcadian.pbo"
2023-09-05T20:16:55.855032Z DEBUG ThreadId(07) building "addons/units" => "W:\\GitHub\\SynixeContractors\\units\\.hemttout\\release\\addons\\synixe_contractors_units.pbo"
2023-09-05T20:16:55.855033Z DEBUG ThreadId(04) building "addons/headgear" => "W:\\GitHub\\SynixeContractors\\units\\.hemttout\\release\\addons\\synixe_contractors_headgear.pbo"
2023-09-05T20:16:55.855122Z TRACE ThreadId(07) adding file "config.bin"
2023-09-05T20:16:55.855188Z TRACE ThreadId(03) adding file "script_macros.hpp"
2023-09-05T20:16:55.855230Z TRACE ThreadId(03) adding file "config.bin"
2023-09-05T20:16:55.855274Z TRACE ThreadId(02) adding file "PlateInfos.hpp"
2023-09-05T20:16:55.855318Z TRACE ThreadId(04) adding file "CfgVehicles.hpp"
2023-09-05T20:16:55.855325Z TRACE ThreadId(03) adding file "script_version.hpp"
2023-09-05T20:16:55.855383Z TRACE ThreadId(07) adding file "CfgWorlds.hpp"
2023-09-05T20:16:55.855414Z TRACE ThreadId(02) adding file "CfgVehicles.hpp"
2023-09-05T20:16:55.855447Z TRACE ThreadId(03) adding file "CfgFactionClasses.hpp"
2023-09-05T20:16:55.855521Z TRACE ThreadId(07) adding file "CfgVehicles_GroundItems.hpp"
2023-09-05T20:16:55.855545Z TRACE ThreadId(02) adding file "script_component.hpp"
2023-09-05T20:16:55.855577Z TRACE ThreadId(03) adding file "script_mod.hpp"
2023-09-05T20:16:55.855581Z TRACE ThreadId(02) adding file "config.bin"
2023-09-05T20:16:55.855684Z TRACE ThreadId(07) adding file "CfgWeapons.hpp"
2023-09-05T20:16:55.855717Z TRACE ThreadId(04) adding file "script_component.hpp"
2023-09-05T20:16:55.855778Z TRACE ThreadId(04) adding file "config.bin"
2023-09-05T20:16:55.855891Z TRACE ThreadId(07) adding file "script_component.hpp"
2023-09-05T20:16:55.855891Z TRACE ThreadId(03) adding file "CfgMods.hpp"
2023-09-05T20:16:55.856117Z TRACE ThreadId(03) adding file "script_component.hpp"
2023-09-05T20:16:55.856199Z TRACE ThreadId(04) adding file "CfgWeapons.hpp"
2023-09-05T20:16:55.856205Z TRACE ThreadId(07) adding file "CfgVehicles_PublicUnits.hpp"
2023-09-05T20:16:55.856347Z TRACE ThreadId(07) adding file "CfgVehicles.hpp"
2023-09-05T20:16:55.856436Z TRACE ThreadId(03) adding file "ui\\synixe_ca.paa"
2023-09-05T20:16:55.856478Z TRACE ThreadId(04) adding file "UI\\hat_beret_black_ca.paa"
2023-09-05T20:16:55.856598Z TRACE ThreadId(07) adding file "ui\\uniform_combat_rs_synixe_bp_ca.paa"
2023-09-05T20:16:55.856617Z TRACE ThreadId(04) adding file "UI\\cap_headphones_green_ca.paa"
2023-09-05T20:16:55.856736Z TRACE ThreadId(07) adding file "ui\\contractor_shirt_ca.paa"
2023-09-05T20:16:55.856847Z TRACE ThreadId(04) adding file "data\\cap_headphones_green_co.paa"
2023-09-05T20:16:55.856866Z TRACE ThreadId(07) adding file "ui\\uniform_combat_ls_synixe_bp_ca.paa"
2023-09-05T20:16:55.856995Z TRACE ThreadId(04) adding file "data\\hat_beret_black_co.paa"
2023-09-05T20:16:55.857202Z TRACE ThreadId(07) adding file "vehicles\\air\\heli_light_01.hpp"
2023-09-05T20:16:55.857300Z TRACE ThreadId(07) adding file "vehicles\\air\\Heli_Light_01_ext_synixe_co.paa"
2023-09-05T20:16:55.857425Z TRACE ThreadId(07) adding file "data\\uniform_combat_plaid_nohq.paa"
2023-09-05T20:16:55.857506Z TRACE ThreadId(07) adding file "data\\uniform_contractor_shirt_co.paa"
2023-09-05T20:16:55.857596Z TRACE ThreadId(07) adding file "data\\uniform_combat_synixe_bp_bb_co.paa"
2023-09-05T20:16:55.857636Z TRACE ThreadId(07) adding file "data\\uniform_combat_plaid.rvmat"
2023-09-05T20:16:55.857694Z TRACE ThreadId(07) adding file "data\\uniform_combat_plaid_smdi.paa"
2023-09-05T20:16:55.870981Z  INFO ThreadId(01) Built 4 PBOs
2023-09-05T20:16:55.870996Z TRACE ThreadId(01) phase: build (done)
2023-09-05T20:16:55.870999Z TRACE ThreadId(01) phase: post_build (start)
2023-09-05T20:16:55.871001Z TRACE ThreadId(01) phase: post_build (Sign) (start)
2023-09-05T20:16:55.871005Z TRACE ThreadId(01) phase: post_build (Sign) (done)
2023-09-05T20:16:55.871007Z TRACE ThreadId(01) phase: post_build (sqf) (start)
2023-09-05T20:16:55.871009Z TRACE ThreadId(01) phase: post_build (sqf) (done)
2023-09-05T20:16:55.871011Z TRACE ThreadId(01) phase: post_build (Rapifier) (start)
2023-09-05T20:16:55.871012Z TRACE ThreadId(01) phase: post_build (Rapifier) (done)
2023-09-05T20:16:55.871014Z TRACE ThreadId(01) phase: post_build (Binarize) (start)
2023-09-05T20:16:55.871016Z TRACE ThreadId(01) phase: post_build (Binarize) (done)
2023-09-05T20:16:55.871018Z TRACE ThreadId(01) phase: post_build (Hooks) (start)
2023-09-05T20:16:55.871020Z TRACE ThreadId(01) phase: post_build (Hooks) (done)
2023-09-05T20:16:55.871021Z TRACE ThreadId(01) phase: post_build (ArmaScriptCompiler) (start)
2023-09-05T20:16:55.871023Z TRACE ThreadId(01) phase: post_build (ArmaScriptCompiler) (done)
2023-09-05T20:16:55.871025Z TRACE ThreadId(01) phase: post_build (Files) (start)
2023-09-05T20:16:55.871608Z DEBUG ThreadId(01) copying "/mod.cpp" => "W:\\GitHub\\SynixeContractors\\units\\.hemttout\\release\\mod.cpp"
2023-09-05T20:16:55.871982Z DEBUG ThreadId(01) copying "/LICENSE" => "W:\\GitHub\\SynixeContractors\\units\\.hemttout\\release\\LICENSE"
2023-09-05T20:16:55.922137Z  INFO ThreadId(01) Copied 2 files
2023-09-05T20:16:55.922151Z TRACE ThreadId(01) phase: post_build (Files) (done)
2023-09-05T20:16:55.922154Z TRACE ThreadId(01) phase: post_build (done)
2023-09-05T20:16:55.922159Z TRACE ThreadId(01) phase: pre_release (start)
2023-09-05T20:16:55.922161Z TRACE ThreadId(01) phase: pre_release (Sign) (start)
2023-09-05T20:16:55.933874Z DEBUG ThreadId(01) signing "W:\\GitHub\\SynixeContractors\\units\\.hemttout\\release\\addons\\synixe_contractors_arcadian.pbo.synixe_contractors_1.5.0.0-151cf3d9.bisign"
2023-09-05T20:16:55.936084Z DEBUG ThreadId(01) signing "W:\\GitHub\\SynixeContractors\\units\\.hemttout\\release\\addons\\synixe_contractors_headgear.pbo.synixe_contractors_1.5.0.0-151cf3d9.bisign"
2023-09-05T20:16:55.938549Z DEBUG ThreadId(01) signing "W:\\GitHub\\SynixeContractors\\units\\.hemttout\\release\\addons\\synixe_contractors_main.pbo.synixe_contractors_1.5.0.0-151cf3d9.bisign"
2023-09-05T20:16:55.940901Z DEBUG ThreadId(01) signing "W:\\GitHub\\SynixeContractors\\units\\.hemttout\\release\\addons\\synixe_contractors_units.pbo.synixe_contractors_1.5.0.0-151cf3d9.bisign"
2023-09-05T20:16:55.948910Z TRACE ThreadId(01) phase: pre_release (Sign) (done)
2023-09-05T20:16:55.948918Z TRACE ThreadId(01) phase: pre_release (sqf) (start)
2023-09-05T20:16:55.948920Z TRACE ThreadId(01) phase: pre_release (sqf) (done)
2023-09-05T20:16:55.948922Z TRACE ThreadId(01) phase: pre_release (Rapifier) (start)
2023-09-05T20:16:55.948923Z TRACE ThreadId(01) phase: pre_release (Rapifier) (done)
2023-09-05T20:16:55.948925Z TRACE ThreadId(01) phase: pre_release (Binarize) (start)
2023-09-05T20:16:55.948927Z TRACE ThreadId(01) phase: pre_release (Binarize) (done)
2023-09-05T20:16:55.948928Z TRACE ThreadId(01) phase: pre_release (Hooks) (start)
2023-09-05T20:16:55.948932Z TRACE ThreadId(01) phase: pre_release (Hooks) (done)
2023-09-05T20:16:55.948933Z TRACE ThreadId(01) phase: pre_release (ArmaScriptCompiler) (start)
2023-09-05T20:16:55.948935Z TRACE ThreadId(01) phase: pre_release (ArmaScriptCompiler) (done)
2023-09-05T20:16:55.948937Z TRACE ThreadId(01) phase: pre_release (Files) (start)
2023-09-05T20:16:55.948939Z TRACE ThreadId(01) phase: pre_release (Files) (done)
2023-09-05T20:16:55.948941Z TRACE ThreadId(01) phase: pre_release (done)
2023-09-05T20:16:55.948942Z TRACE ThreadId(01) phase: release (start)
2023-09-05T20:16:55.948947Z TRACE ThreadId(01) using releases folder: "W:\\GitHub\\SynixeContractors\\units\\releases"
2023-09-05T20:16:55.948973Z DEBUG ThreadId(01) creating release at "W:\\GitHub\\SynixeContractors\\units\\releases\\synixe_contractors-latest.zip"
2023-09-05T20:16:55.949090Z TRACE ThreadId(01) zip: creating directory "@synixe_contractors/addons"
2023-09-05T20:16:55.949180Z TRACE ThreadId(01) zip: adding file "@synixe_contractors/addons/synixe_contractors_arcadian.pbo"
2023-09-05T20:16:55.949401Z TRACE ThreadId(01) zip: adding file "@synixe_contractors/addons/synixe_contractors_arcadian.pbo.synixe_contractors_1.5.0.0-151cf3d9.bisign"
2023-09-05T20:16:55.949702Z TRACE ThreadId(01) zip: adding file "@synixe_contractors/addons/synixe_contractors_headgear.pbo"
2023-09-05T20:16:55.968731Z TRACE ThreadId(01) zip: adding file "@synixe_contractors/addons/synixe_contractors_headgear.pbo.synixe_contractors_1.5.0.0-151cf3d9.bisign"
2023-09-05T20:16:55.969022Z TRACE ThreadId(01) zip: adding file "@synixe_contractors/addons/synixe_contractors_main.pbo"
2023-09-05T20:16:55.970808Z TRACE ThreadId(01) zip: adding file "@synixe_contractors/addons/synixe_contractors_main.pbo.synixe_contractors_1.5.0.0-151cf3d9.bisign"
2023-09-05T20:16:55.971014Z TRACE ThreadId(01) zip: adding file "@synixe_contractors/addons/synixe_contractors_units.pbo"
2023-09-05T20:16:56.193004Z TRACE ThreadId(01) zip: adding file "@synixe_contractors/addons/synixe_contractors_units.pbo.synixe_contractors_1.5.0.0-151cf3d9.bisign"
2023-09-05T20:16:56.193265Z TRACE ThreadId(01) zip: creating directory "@synixe_contractors/keys"
2023-09-05T20:16:56.193333Z TRACE ThreadId(01) zip: adding file "@synixe_contractors/keys/synixe_contractors_1.5.0.0-151cf3d9.bikey"
2023-09-05T20:16:56.193473Z TRACE ThreadId(01) zip: adding file "@synixe_contractors/LICENSE"
2023-09-05T20:16:56.193927Z TRACE ThreadId(01) zip: adding file "@synixe_contractors/mod.cpp"
2023-09-05T20:16:56.194555Z  INFO ThreadId(01) Created release: W:\GitHub\SynixeContractors\units\releases\synixe_contractors-latest.zip
2023-09-05T20:16:56.194659Z  INFO ThreadId(01) Created release: W:\GitHub\SynixeContractors\units\releases\synixe_contractors-1.5.0.0-151cf3d9.zip
2023-09-05T20:16:56.257602Z TRACE ThreadId(01) phase: release (done)
2023-09-05T20:16:56.257615Z TRACE ThreadId(01) phase: post_release (start)
2023-09-05T20:16:56.257618Z TRACE ThreadId(01) phase: post_release (Sign) (start)
2023-09-05T20:16:56.257620Z TRACE ThreadId(01) phase: post_release (Sign) (done)
2023-09-05T20:16:56.257645Z TRACE ThreadId(01) phase: post_release (sqf) (start)
2023-09-05T20:16:56.257648Z TRACE ThreadId(01) phase: post_release (sqf) (done)
2023-09-05T20:16:56.257649Z TRACE ThreadId(01) phase: post_release (Rapifier) (start)
2023-09-05T20:16:56.257651Z TRACE ThreadId(01) phase: post_release (Rapifier) (done)
2023-09-05T20:16:56.257653Z TRACE ThreadId(01) phase: post_release (Binarize) (start)
2023-09-05T20:16:56.257655Z TRACE ThreadId(01) phase: post_release (Binarize) (done)
2023-09-05T20:16:56.257657Z TRACE ThreadId(01) phase: post_release (Hooks) (start)
2023-09-05T20:16:56.257659Z TRACE ThreadId(01) phase: post_release (Hooks) (done)
2023-09-05T20:16:56.257660Z TRACE ThreadId(01) phase: post_release (ArmaScriptCompiler) (start)
2023-09-05T20:16:56.257662Z TRACE ThreadId(01) phase: post_release (ArmaScriptCompiler) (done)
2023-09-05T20:16:56.257664Z TRACE ThreadId(01) phase: post_release (Files) (start)
2023-09-05T20:16:56.257666Z TRACE ThreadId(01) phase: post_release (Files) (done)
2023-09-05T20:16:56.257667Z TRACE ThreadId(01) phase: post_release (done)
